<?xml version="1.0" encoding="UTF-8"?>
<testsuite name="TradeMeTest" tests="3" skipped="0" failures="0" errors="0" timestamp="2021-07-14T22:28:03" hostname="ASY-WIN10-85" time="31.26">
  <properties/>
  <testcase name="returnKey()" classname="TradeMeTest" time="14.311"/>
  <testcase name="printOutNumberOfListings()" classname="TradeMeTest" time="9.998"/>
  <testcase name="printTopTenListings()" classname="TradeMeTest" time="6.948"/>
  <system-out><![CDATA[1) $1.00
2) $1.00
3) $38,199
27
1) Casappa Industrial Hydraulic Gear Pump
2) 4x Silica Gel Breathers W/ 2x Bottles Of Silica Gel
3) Casappa Industrial Hydraulic Gear Pump
4) Vintage Automotive Screw Jack
5) 2 X Record 10" G Clamps
6) 
7) 
8) 
9) 
10) 
]]></system-out>
  <system-err><![CDATA[SLF4J: Failed to load class "org.slf4j.impl.StaticLoggerBinder".
SLF4J: Defaulting to no-operation (NOP) logger implementation
SLF4J: See http://www.slf4j.org/codes.html#StaticLoggerBinder for further details.
Starting ChromeDriver 91.0.4472.101 (af52a90bf87030dd1523486a1cd3ae25c5d76c9b-refs/branch-heads/4472@{#1462}) on port 27912
Only local connections are allowed.
Please see https://chromedriver.chromium.org/security-considerations for suggestions on keeping ChromeDriver safe.
ChromeDriver was started successfully.
Jul 15, 2021 10:28:05 AM org.openqa.selenium.remote.ProtocolHandshake createSession
INFO: Detected dialect: W3C
Starting ChromeDriver 91.0.4472.101 (af52a90bf87030dd1523486a1cd3ae25c5d76c9b-refs/branch-heads/4472@{#1462}) on port 46286
Only local connections are allowed.
Please see https://chromedriver.chromium.org/security-considerations for suggestions on keeping ChromeDriver safe.
ChromeDriver was started successfully.
Jul 15, 2021 10:28:20 AM org.openqa.selenium.remote.ProtocolHandshake createSession
INFO: Detected dialect: W3C
Starting ChromeDriver 91.0.4472.101 (af52a90bf87030dd1523486a1cd3ae25c5d76c9b-refs/branch-heads/4472@{#1462}) on port 22172
Only local connections are allowed.
Please see https://chromedriver.chromium.org/security-considerations for suggestions on keeping ChromeDriver safe.
ChromeDriver was started successfully.
Jul 15, 2021 10:28:29 AM org.openqa.selenium.remote.ProtocolHandshake createSession
INFO: Detected dialect: W3C
]]></system-err>
</testsuite>
